20221024	10:41:56	7d0bb9c4-e888-4827-ad37-e84d50794fc5	GET	/	undefined
20221024	10:41:56	0739b674-4c43-43a1-89ef-4e31d2f7af91	GET	/css/style.css	undefined
20221024	10:41:57	0a0efb20-a4fd-4109-897c-7d17ea39c5a4	GET	/favicon.ico	undefined
20221024	10:42:00	c0b4a954-0976-403b-8ae2-8c16e502e695	GET	/	undefined
20221024	10:42:00	903322a5-56eb-4010-9d49-a8f532b72080	GET	/css/style.css	undefined
20221024	13:59:47	c12dce00-70cb-4218-819c-af18c79060a3	GET	/	undefined
20221024	13:59:48	f0cf87be-359f-4f71-87c3-e1c9739d3e02	GET	/css/style.css	undefined
20221024	13:59:48	7c0566b5-7c1f-43e2-a7bf-878fca8780b6	GET	/favicon.ico	undefined
20221024	14:00:00	fad5cd1d-bd9c-45d9-9ab3-f77ddd4984e8	GET	/	undefined
20221024	14:00:00	35b233e9-e7d4-4161-a49e-9d98c2786578	GET	/css/style.css	undefined
20221024	14:00:03	1bfbb95b-7cef-41f8-915c-07123486f683	GET	/	undefined
20221024	14:00:03	9666c7ed-4dfe-46a8-aec7-3aff9bb4be29	GET	/css/style.css	undefined
20221024	14:05:12	2b754ef3-99a6-49bb-8ab4-2561bb1687a9	GET	/	undefined
20221024	14:05:13	2f3ad8b7-eda0-4709-ab90-cd6d532c5155	GET	/css/style.css	undefined
20221024	14:05:15	73c16777-6725-44ca-8278-b9bf566a5942	GET	/	undefined
20221024	14:05:16	e752796c-375c-4c56-989b-9033928d13f6	GET	/css/style.css	undefined
20221024	14:05:52	bf9c7a0f-8505-4bbc-ab2c-169a2e49a1c1	GET	/auth	undefined
20221024	14:05:53	4aaa90ab-895c-4b27-a5bc-fdf7083ae5f1	GET	/css/style.css	undefined
20221024	14:06:48	86acd126-1f55-4d13-87f5-99248aa351d6	GET	/css/style.css	undefined
20221024	14:07:10	7934b4a9-2f70-4103-bc4d-480664ff8cb5	GET	/css/style.css	undefined
20221024	14:07:31	b8842708-1aa9-4b60-a179-0802e36728de	GET	/css/style.css	undefined
20221024	14:08:34	5db4e635-b278-43f6-86fe-5e16762e483d	GET	/css/style.css	undefined
20221024	14:09:23	23c8ede6-0590-4732-99b1-38d3d84dd1fc	GET	/events	undefined
20221024	14:11:23	59e5c7df-7b2f-4b8c-8afe-6faabb4400eb	GET	/events	undefined
20221024	14:12:05	27095f62-397f-43eb-8636-b33ce3d1f661	GET	/events	undefined
20221024	14:12:15	212ffbd2-c86a-46d6-a946-826f036d93e3	GET	/events	undefined
20221024	14:12:35	e0d79ffc-fe48-4b84-ba91-6e3926c128ab	GET	/events	undefined
20221024	14:12:41	2b8b0e6e-c30b-48a9-b7a6-5aa8973e2b45	GET	/css/style.css	undefined
20221024	14:12:43	827e674b-7dfe-42ae-a1e2-5f7e9e9136af	POST	/auth/login	undefined
20221024	14:14:02	acf6fdd0-cad7-4035-8145-a8461e946da6	GET	/events	undefined
20221024	14:14:16	898a2317-f991-4046-82b3-0a261711113b	GET	/css/style.css	undefined
20221024	14:14:40	d05b44c0-43ec-4eeb-bb69-2dc8677b08f3	POST	/auth/register	undefined
20221024	14:15:10	ae967b11-d2ea-4057-a83a-2f676800acee	POST	/auth/register	undefined
20221024	14:15:53	8b389003-e776-4843-bafd-a2d1222b99be	POST	/auth/register	undefined
20221024	14:16:59	0924d162-2c2e-4d72-ab29-ef935a7a5041	POST	/auth/register	undefined
20221024	14:17:27	80337055-2578-40fb-8b07-43529d705bb9	POST	/auth/register	undefined
20221024	14:17:37	4c00892f-bb1b-46b2-ad9a-846427f341a7	POST	/auth/register	undefined
20221024	14:19:14	e808ca37-709c-404e-a5e4-f2e6d7f0afbb	POST	/auth/register	undefined
20221024	14:19:54	8764d789-741b-48a9-8718-ba45eb7befe5	GET	/	undefined
20221024	14:19:55	64c45a55-6df1-43ea-b1ab-2631ebb9c483	GET	/css/style.css	undefined
20221024	14:22:08	e630645e-150a-449c-9259-645a45a977d5	POST	/auth/register	undefined
20221024	14:22:54	a53e6435-52a2-4210-8d20-87922f55a427	POST	/auth/register	undefined
20221024	14:24:51	6ecada7e-7bb4-4bd8-86ea-60d3f2de7555	POST	/auth/register	undefined
20221024	14:28:40	ccec8369-5e29-458c-89e4-66088601e80e	POST	/auth/register	undefined
20221024	14:29:01	c1fbd01b-f66f-4af1-bf55-6a7311b3f376	POST	/auth/register	undefined
20221024	14:29:49	913ea715-ecae-41cc-8375-da041dac8511	POST	/auth/register	undefined
20221024	14:30:53	27a0f308-8619-4ed0-977b-0c5b28987b71	POST	/auth/register	undefined
20221024	14:31:22	89485846-9640-41db-ba75-609a86128c06	POST	/auth/register	undefined
20221024	14:32:56	fa85f010-f29f-4189-8949-cfead2cb6cfd	POST	/auth/register	undefined
20221024	14:33:21	85b15a7f-3542-45f6-b1d4-dcaf6446c6d6	POST	/auth/register	undefined
20221024	14:35:02	bd0125ab-f6da-4cd2-b68d-21557528bd73	POST	/auth/register	undefined
20221024	14:37:15	09045a9e-e669-4bf5-930b-15a156a1d241	POST	/auth/register	undefined
20221024	14:39:53	9ef666ea-c756-4e97-a800-26c9364c7807	POST	/auth/register	undefined
20221024	14:42:13	22d39a22-4c75-4157-a3ab-49e9c46b2f15	POST	/auth/register	undefined
20221024	14:47:18	b1beb408-b7a9-47b0-8a7a-ee0e6562baef	POST	/auth/register	undefined
20221024	14:48:01	c1d49c0c-11e6-4e91-b72c-8f226dc19c81	POST	/auth/register	undefined
20221024	14:49:20	8ab6199b-f36f-4f97-b091-e62da9c41fd8	POST	/auth/register	undefined
20221024	14:50:45	24671507-e2df-4bca-92f1-70cccfa01cf3	POST	/auth/register	undefined
20221024	14:54:22	5088f71a-2a53-465d-9949-1052e2c361a6	POST	/auth/register	undefined
20221024	14:55:19	0a979a5d-8d7d-489b-81d3-412275d12411	POST	/auth/register	undefined
20221024	14:57:24	c7b13b8b-399f-46c7-9454-90e2092f15d8	POST	/auth/register	undefined
20221024	15:01:10	00d69b14-42ae-4106-9b07-4156862e5eb7	POST	/auth/register	undefined
20221024	15:05:38	44962e4d-a935-4871-95d1-321aed4ee8a2	POST	/auth/register	undefined
20221024	15:05:58	3fdbfebd-309a-45f0-8b89-ecc982813faa	POST	/auth/register	undefined
20221024	15:06:21	67854bdb-3fd2-41a8-abfa-310278181e3c	POST	/auth/register	undefined
20221024	15:06:59	6c4eaa7e-ed9d-467c-8105-cb0712a3e6a3	POST	/auth/login	undefined
20221024	15:07:05	9293d978-447f-45fc-a33c-0c99840f8729	POST	/auth/login	undefined
20221024	15:07:10	fa79e0b4-7341-4a5b-9306-1cee9f4e2df4	POST	/auth/login	undefined
20221024	15:14:17	73e30d34-adf9-4d91-999a-97a9a8a674da	GET	/users	undefined
20221024	15:14:50	12ea9115-a9ae-4ec2-b22e-2ce707ef34d6	GET	/api/events	undefined
20221024	15:14:50	6f49d088-60d6-425c-b9a6-96b12be35110	GET	/api/css/style.css	undefined
20221024	15:14:54	69659a6b-8710-47f3-990f-2e709cf3eb26	GET	/	undefined
20221024	15:14:54	281795ab-c082-4b3a-9f9c-b6c14003d730	GET	/css/style.css	undefined
20221024	15:15:03	430bbfb5-3e34-4e2f-bb15-944ad548915b	GET	/events	undefined
20221024	15:15:21	bd29bfab-f549-4cd4-b3de-c39c4a1c7a0d	GET	/events	undefined
20221024	15:15:25	c39aebe4-2435-4ff4-83c9-6b1c22acbaa9	GET	/api/	undefined
20221024	15:15:25	b7c95681-c34e-479d-ae75-cd5519543734	GET	/api/css/style.css	undefined
20221024	15:15:30	92136555-3aa5-4f09-b4e1-872390633cff	GET	/api/events	undefined
20221024	15:15:30	60dff060-ce3e-488b-af7b-3defb5d0a6f0	GET	/api/css/style.css	undefined
20221024	15:15:33	c8a08f5b-ebed-4b62-93fc-e41436740c5e	GET	/events	undefined
20221024	15:15:46	418f6725-e8f7-467b-820b-a0e47b10143f	GET	/events	undefined
20221024	15:16:21	785b0196-1a50-4a45-a393-285fee0ddedb	GET	/events	undefined
20221024	15:16:22	ae7a1b19-007d-45c0-9902-4c00afccee02	GET	/css/style.css	undefined
20221024	15:16:30	7295fe8e-25fb-46f8-85fb-31e3cc3f4d4d	GET	/api/events	undefined
20221024	15:17:03	0f41dcf3-3e38-4af2-9b00-281fdbe404ac	GET	/api/api/events	undefined
20221024	15:17:03	7dbd88b4-c98b-4bfc-a870-1fe5ae39d305	GET	/api/api/css/style.css	undefined
20221024	15:17:23	501d72c1-4884-4bef-96b4-9bd12eab7cbc	GET	/api/events	undefined
20221024	15:17:23	d636cbb0-392a-499d-ae28-701c335fde95	GET	/api/css/style.css	undefined
20221024	15:17:27	448776a0-9ebc-45e2-a745-e47b06be0acf	GET	/events	undefined
20221024	15:17:44	ef41a183-85b7-4755-9278-38dcc9e56aa4	GET	/api/events	undefined
20221024	15:17:48	2cc1f24f-bf11-4b08-804f-a96ad4285ada	GET	/	undefined
20221024	15:17:48	eeab27f4-b4a8-4b29-a1cd-bd5ae2509c09	GET	/css/style.css	undefined
20221024	15:17:51	744efb81-16a5-40ba-a70f-ecbea08d59aa	GET	/asdas	undefined
20221024	15:17:51	70abb767-47d3-40af-9c21-eed08e12d090	GET	/css/style.css	undefined
20221024	15:17:54	93f80c62-a19f-486d-a61d-cd13719c3cee	GET	/	undefined
20221024	15:17:54	9770ad26-d01e-442d-962b-011b891a9b64	GET	/css/style.css	undefined
20221024	15:32:20	c2ffe323-7b74-42a6-b080-25d6320f3753	GET	/events	undefined
20221024	15:32:30	c51cf0f7-3931-4703-9713-41ffe68df087	GET	/api/events	undefined
20221024	17:30:48	7b680da1-e153-4d19-b5c8-ab0d2ccd586a	GET	/api/events	undefined
20221024	17:30:50	5088f0d0-a718-4afe-8fa9-7b21f6562f78	GET	/api/events	undefined
20221024	17:30:55	a7cbb714-9d5d-4f49-b93b-4dcdf305f3c2	POST	/auth/login	undefined
20221024	17:40:25	f4b5ea8d-e5d2-4da0-8649-9a9e8cdd39d5	GET	/api/events	undefined
20221024	17:40:25	dc325897-f331-47bb-a824-4cd8cc54ec8f	GET	/api/events	undefined
20221024	17:43:00	753449ac-79d7-423e-a0f6-7b30ca1c47e3	POST	/auth/login	undefined
20221024	17:43:10	5ff7e8de-9556-4a1d-9216-6af17ab2561b	GET	/api/events	undefined
20221024	17:43:27	d9f056d6-dbc2-417a-8a80-dd844388cb60	GET	/api/events	undefined
20221024	17:43:44	1c29447b-265e-4af7-a28f-5a566229e745	GET	/api/events	undefined
20221024	17:46:37	591051ee-0163-4564-aa09-b658085acd8b	GET	/api/events	undefined
20221024	17:48:59	2afb6504-56a3-455d-9cd5-8ffbb96784fe	GET	/api/events	undefined
20221024	17:51:47	a824363d-5483-419e-9eca-2cdf2282d328	GET	/api/events	undefined
20221024	17:51:47	a84ab588-e3df-4eee-8e2a-4090b663059a	GET	/api/events	undefined
20221024	17:51:51	7900c21a-4cc4-4db1-9190-34a449c355a5	GET	/api/events	undefined
20221024	17:52:33	31ea79bc-c6fa-496d-848a-7cf2be9c0994	GET	/api/events	undefined
20221024	18:03:54	2dcb536b-e77f-4bc2-a690-3ce54b2cce02	GET	/api/events	undefined
20221024	18:03:59	1314065d-2779-4e34-a759-3679290a90bc	GET	/api/events	undefined
20221024	18:07:31	e5ab2071-dbd1-4bf3-a0bc-de687e48eb32	GET	/api/events	undefined
20221024	18:07:38	444a37e2-5aba-4ae4-a62e-471d1d5315f7	GET	/api/events	undefined
20221024	18:07:48	8c7da94b-6971-486a-9fa2-1b4783cc39a3	GET	/auth/refresh	undefined
20221024	18:09:48	2fadb23c-e186-40f0-9637-2e0079d7c7d5	GET	/auth/refresh	undefined
20221024	18:09:49	15e85feb-dcca-43ce-bed7-99d1333ca2ea	GET	/auth/refresh	undefined
20221024	18:13:47	9263dc2b-cd4c-4055-9e79-e87e5c0b82c3	GET	/api/events	undefined
20221024	18:13:51	950805df-71c1-468b-a49a-6ca18fc39008	GET	/auth/refresh	undefined
20221024	18:14:17	02d1bf81-30df-47b2-8df0-3585a7984a9b	GET	/api/events	undefined
20221024	19:35:32	8171d659-a784-4313-9a97-5abdd5036ca7	GET	/api/events	undefined
20221024	19:35:32	156e29e1-f446-458c-8c45-51d0f25a1fae	GET	/api/events	undefined
20221024	19:36:26	ef717ba9-e4e9-481e-bb7a-14b5e4ad0798	GET	/api/events	undefined
20221024	19:36:26	3e88baa5-47f9-49cd-b8fe-1ec06f7f305c	GET	/api/events	undefined
20221024	19:36:54	2d1def3e-7cce-46ac-bf12-1069121766e7	GET	/api/events	undefined
20221024	19:37:38	f87e7849-c93c-42ba-8c81-3facfb5de82d	GET	/api/events	undefined
20221024	19:38:16	7b906828-76bb-47f2-b3ff-d710b589754a	GET	/api/events	undefined
20221024	19:38:16	47976f03-2f48-4ee1-a24b-1b56128528ee	GET	/api/events	undefined
20221024	19:39:16	e2e9e200-67f5-42a4-bace-0ba9c8d2a607	GET	/api/events	undefined
20221024	19:39:49	f6f58692-3fc8-45a3-9e32-ac62e167c504	GET	/api/events	undefined
20221024	19:40:01	1ffab97a-a98a-4058-b8bf-9d2df17d359b	GET	/api/events	undefined
20221024	19:46:00	abe9b0a3-2578-41c3-b4bd-3de86692a577	GET	/api/events	undefined
20221024	19:46:00	9bdce5ac-3971-4d39-818a-b1589452abd4	GET	/api/events	undefined
20221024	19:46:00	1ba782cc-4ad1-4bd3-a343-3a653b6e478d	GET	/api/events	undefined
20221024	19:49:42	a0f22211-23ee-4463-accb-ae9f43cdae36	GET	/api/events	undefined
20221024	21:42:13	e40418b5-d4d3-4856-af98-deed8551cd37	GET	/api/events	undefined
20221025	15:03:08	f4d69840-823a-49dc-8715-8ca0b469885a	GET	/	undefined
20221025	15:03:08	30d439ce-cd8c-422d-a40a-469228e9fb29	GET	/css/style.css	undefined
